#! /c/Source/iverilog-install/bin/vvp
:ivl_version "12.0 (devel)" "(s20150603-1539-g2693dd32b)";
:ivl_delay_selection "TYPICAL";
:vpi_time_precision + 0;
:vpi_module "C:\iverilog\lib\ivl\system.vpi";
:vpi_module "C:\iverilog\lib\ivl\vhdl_sys.vpi";
:vpi_module "C:\iverilog\lib\ivl\vhdl_textio.vpi";
:vpi_module "C:\iverilog\lib\ivl\v2005_math.vpi";
:vpi_module "C:\iverilog\lib\ivl\va_math.vpi";
S_0000026f838862a0 .scope module, "tb" "tb" 2 40;
 .timescale 0 0;
v0000026f83893920_0 .var/i "file_handle", 31 0;
v0000026f838939c0_0 .var/i "i", 31 0;
v0000026f83893a60_0 .var "ip", 16 0;
v0000026f83893b00_0 .net "out", 16 0, v0000026f83893880_0;  1 drivers
S_0000026f8384e350 .scope module, "uut" "fabinocci_seri" 2 45, 2 1 0, S_0000026f838862a0;
 .timescale 0 0;
    .port_info 0 /INPUT 17 "ip";
    .port_info 1 /OUTPUT 17 "op";
v0000026f838937e0_0 .net "ip", 16 0, v0000026f83893a60_0;  1 drivers
v0000026f83893880_0 .var "op", 16 0;
E_0000026f83898f20 .event anyedge, v0000026f838937e0_0, v0000026f8384e710_0;
S_0000026f8384e4e0 .scope task, "fab_ser" "fab_ser" 2 5, 2 5 0, S_0000026f8384e350;
 .timescale 0 0;
v0000026f83846b30_0 .var/i "i", 31 0;
v0000026f83846740_0 .var "ip", 16 0;
v0000026f83886430_0 .var "n1", 16 0;
v0000026f8384e670_0 .var "n2", 16 0;
v0000026f8384e710_0 .var "re", 16 0;
TD_tb.uut.fab_ser ;
    %pushi/vec4 0, 0, 17;
    %store/vec4 v0000026f83886430_0, 0, 17;
    %pushi/vec4 1, 0, 17;
    %store/vec4 v0000026f8384e670_0, 0, 17;
    %load/vec4 v0000026f83846740_0;
    %pad/u 32;
    %cmpi/e 1, 0, 32;
    %jmp/0xz  T_0.0, 4;
    %load/vec4 v0000026f83886430_0;
    %store/vec4 v0000026f8384e710_0, 0, 17;
    %jmp T_0.1;
T_0.0 ;
    %load/vec4 v0000026f83846740_0;
    %pad/u 32;
    %cmpi/e 2, 0, 32;
    %jmp/0xz  T_0.2, 4;
    %load/vec4 v0000026f8384e670_0;
    %store/vec4 v0000026f8384e710_0, 0, 17;
    %jmp T_0.3;
T_0.2 ;
    %pushi/vec4 2, 0, 32;
    %store/vec4 v0000026f83846b30_0, 0, 32;
T_0.4 ;
    %load/vec4 v0000026f83846b30_0;
    %load/vec4 v0000026f83846740_0;
    %pad/u 32;
    %cmp/u;
    %jmp/0xz T_0.5, 5;
    %load/vec4 v0000026f83886430_0;
    %load/vec4 v0000026f8384e670_0;
    %add;
    %store/vec4 v0000026f8384e710_0, 0, 17;
    %load/vec4 v0000026f8384e670_0;
    %store/vec4 v0000026f83886430_0, 0, 17;
    %load/vec4 v0000026f8384e710_0;
    %store/vec4 v0000026f8384e670_0, 0, 17;
    %load/vec4 v0000026f83846b30_0;
    %addi 1, 0, 32;
    %store/vec4 v0000026f83846b30_0, 0, 32;
    %jmp T_0.4;
T_0.5 ;
T_0.3 ;
T_0.1 ;
    %end;
    .scope S_0000026f8384e350;
T_1 ;
    %wait E_0000026f83898f20;
    %load/vec4 v0000026f838937e0_0;
    %store/vec4 v0000026f83846740_0, 0, 17;
    %fork TD_tb.uut.fab_ser, S_0000026f8384e4e0;
    %join;
    %load/vec4 v0000026f8384e710_0;
    %store/vec4 v0000026f83893880_0, 0, 17;
    %jmp T_1;
    .thread T_1, $push;
    .scope S_0000026f838862a0;
T_2 ;
    %vpi_func 2 50 "$fopen" 32, "fibonaci.txt", "w" {0 0 0};
    %store/vec4 v0000026f83893920_0, 0, 32;
    %pushi/vec4 0, 0, 32;
    %store/vec4 v0000026f838939c0_0, 0, 32;
T_2.0 ;
    %load/vec4 v0000026f838939c0_0;
    %cmpi/s 16, 0, 32;
    %jmp/0xz T_2.1, 5;
    %load/vec4 v0000026f838939c0_0;
    %pad/s 17;
    %store/vec4 v0000026f83893a60_0, 0, 17;
    %delay 10, 0;
    %vpi_call 2 54 "$fdisplay", v0000026f83893920_0, "ip=%d op = %d", v0000026f83893a60_0, v0000026f83893b00_0 {0 0 0};
    %load/vec4 v0000026f838939c0_0;
    %addi 1, 0, 32;
    %store/vec4 v0000026f838939c0_0, 0, 32;
    %jmp T_2.0;
T_2.1 ;
    %vpi_call 2 57 "$fclose", v0000026f83893920_0 {0 0 0};
    %end;
    .thread T_2;
# The file index is used to find the file name in the following table.
:file_names 3;
    "N/A";
    "<interactive>";
    "fibonaci_task.v";
