#! /c/Source/iverilog-install/bin/vvp
:ivl_version "12.0 (devel)" "(s20150603-1539-g2693dd32b)";
:ivl_delay_selection "TYPICAL";
:vpi_time_precision + 0;
:vpi_module "C:\iverilog\lib\ivl\system.vpi";
:vpi_module "C:\iverilog\lib\ivl\vhdl_sys.vpi";
:vpi_module "C:\iverilog\lib\ivl\vhdl_textio.vpi";
:vpi_module "C:\iverilog\lib\ivl\v2005_math.vpi";
:vpi_module "C:\iverilog\lib\ivl\va_math.vpi";
S_000001ea234c6400 .scope module, "evenParity" "evenParity" 2 1;
 .timescale 0 0;
    .port_info 0 /OUTPUT 1 "parityBit";
    .port_info 1 /OUTPUT 1 "parityBit1";
    .port_info 2 /INPUT 4 "in1";
o000001ea23517038 .functor BUFZ 4, C4<zzzz>; HiZ drive
v000001ea234c67c0_0 .net "in1", 3 0, o000001ea23517038;  0 drivers
v000001ea23510740_0 .net "parityBit", 0 0, L_000001ea23510880;  1 drivers
v000001ea235107e0_0 .net "parityBit1", 0 0, L_000001ea23511130;  1 drivers
L_000001ea23510880 .ufunc/vec4 TD_evenParity.parityCheck, 1, o000001ea23517038 (v000001ea234cef30_0) S_000001ea234c6590;
L_000001ea23511130 .ufunc/vec4 TD_evenParity.parityCheck, 1, o000001ea23517038 (v000001ea234cef30_0) S_000001ea234c6590;
S_000001ea234c6590 .scope function.vec4.s1, "parityCheck" "parityCheck" 2 6, 2 6 0, S_000001ea234c6400;
 .timescale 0 0;
v000001ea234cee90_0 .var "digitSum", 3 0;
v000001ea234cef30_0 .var "in", 3 0;
; Variable parityCheck is vec4 return value of scope S_000001ea234c6590
TD_evenParity.parityCheck ;
    %load/vec4 v000001ea234cef30_0;
    %parti/s 1, 3, 3;
    %pad/u 4;
    %load/vec4 v000001ea234cef30_0;
    %parti/s 1, 2, 3;
    %pad/u 4;
    %add;
    %load/vec4 v000001ea234cef30_0;
    %parti/s 1, 1, 2;
    %pad/u 4;
    %add;
    %load/vec4 v000001ea234cef30_0;
    %parti/s 1, 0, 2;
    %pad/u 4;
    %add;
    %store/vec4 v000001ea234cee90_0, 0, 4;
    %load/vec4 v000001ea234cee90_0;
    %parti/s 1, 0, 2;
    %pad/u 32;
    %cmpi/e 0, 0, 32;
    %jmp/0xz  T_0.0, 4;
    %pushi/vec4 1, 0, 1;
    %ret/vec4 0, 0, 1;  Assign to parityCheck (store_vec4_to_lval)
    %jmp T_0.1;
T_0.0 ;
    %pushi/vec4 0, 0, 1;
    %ret/vec4 0, 0, 1;  Assign to parityCheck (store_vec4_to_lval)
T_0.1 ;
    %end;
# The file index is used to find the file name in the following table.
:file_names 3;
    "N/A";
    "<interactive>";
    "evenParity.v";
