#! /c/Source/iverilog-install/bin/vvp
:ivl_version "12.0 (devel)" "(s20150603-1539-g2693dd32b)";
:ivl_delay_selection "TYPICAL";
:vpi_time_precision + 0;
:vpi_module "C:\iverilog\lib\ivl\system.vpi";
:vpi_module "C:\iverilog\lib\ivl\vhdl_sys.vpi";
:vpi_module "C:\iverilog\lib\ivl\vhdl_textio.vpi";
:vpi_module "C:\iverilog\lib\ivl\v2005_math.vpi";
:vpi_module "C:\iverilog\lib\ivl\va_math.vpi";
S_00000257258f60c0 .scope module, "complement_tb" "complement_tb" 2 22;
 .timescale 0 0;
v000002572583bd50_0 .var "A", 3 0;
v000002572583bdf0_0 .net "RES", 3 0, v000002572583bcb0_0;  1 drivers
v0000025725836520_0 .var/i "i", 31 0;
S_00000257258f6250 .scope module, "a1" "one_complement" 2 25, 2 1 0, S_00000257258f60c0;
 .timescale 0 0;
    .port_info 0 /OUTPUT 4 "result";
    .port_info 1 /INPUT 4 "a";
v000002572583bc10_0 .net "a", 3 0, v000002572583bd50_0;  1 drivers
v000002572583bcb0_0 .var "result", 3 0;
E_000002572583d220 .event anyedge, v000002572583bc10_0, v000002572583a3a0_0;
S_0000025725836390 .scope task, "ones" "ones" 2 6, 2 6 0, S_00000257258f6250;
 .timescale 0 0;
v0000025725836b60_0 .var "a", 3 0;
v000002572583a3a0_0 .var "result", 3 0;
TD_complement_tb.a1.ones ;
    %load/vec4 v0000025725836b60_0;
    %inv;
    %store/vec4 v000002572583a3a0_0, 0, 4;
    %end;
    .scope S_00000257258f6250;
T_1 ;
    %wait E_000002572583d220;
    %load/vec4 v000002572583bc10_0;
    %store/vec4 v0000025725836b60_0, 0, 4;
    %fork TD_complement_tb.a1.ones, S_0000025725836390;
    %join;
    %load/vec4 v000002572583a3a0_0;
    %store/vec4 v000002572583bcb0_0, 0, 4;
    %jmp T_1;
    .thread T_1, $push;
    .scope S_00000257258f60c0;
T_2 ;
    %pushi/vec4 0, 0, 32;
    %store/vec4 v0000025725836520_0, 0, 32;
T_2.0 ;
    %load/vec4 v0000025725836520_0;
    %cmpi/s 16, 0, 32;
    %jmp/0xz T_2.1, 5;
    %load/vec4 v0000025725836520_0;
    %pad/s 4;
    %store/vec4 v000002572583bd50_0, 0, 4;
    %delay 10, 0;
    %vpi_call 2 32 "$display", "1's Complement of %b\011 is %b\012 ", v000002572583bd50_0, v000002572583bdf0_0 {0 0 0};
    %load/vec4 v0000025725836520_0;
    %addi 1, 0, 32;
    %store/vec4 v0000025725836520_0, 0, 32;
    %jmp T_2.0;
T_2.1 ;
    %end;
    .thread T_2;
# The file index is used to find the file name in the following table.
:file_names 3;
    "N/A";
    "<interactive>";
    "one_comple.v";
