#! /c/Source/iverilog-install/bin/vvp
:ivl_version "12.0 (devel)" "(s20150603-1539-g2693dd32b)";
:ivl_delay_selection "TYPICAL";
:vpi_time_precision + 0;
:vpi_module "C:\iverilog\lib\ivl\system.vpi";
:vpi_module "C:\iverilog\lib\ivl\vhdl_sys.vpi";
:vpi_module "C:\iverilog\lib\ivl\vhdl_textio.vpi";
:vpi_module "C:\iverilog\lib\ivl\v2005_math.vpi";
:vpi_module "C:\iverilog\lib\ivl\va_math.vpi";
S_00000202ef9160b0 .scope module, "parityGen_tb" "parityGen_tb" 2 15;
 .timescale 0 0;
v00000202ef916470_0 .var/i "file_handle", 31 0;
v00000202ef8c6590_0 .var/i "i", 31 0;
v00000202ef8c6630_0 .var "in_seq", 3 0;
v00000202ef8c66d0_0 .net "op", 0 0, v00000202ef9163d0_0;  1 drivers
S_00000202ef916240 .scope module, "pg" "parityGen" 2 20, 2 1 0, S_00000202ef9160b0;
 .timescale 0 0;
    .port_info 0 /OUTPUT 1 "parityBit";
    .port_info 1 /INPUT 4 "in_seq";
v00000202ef8cadd0_0 .net "in_seq", 3 0, v00000202ef8c6630_0;  1 drivers
v00000202ef9163d0_0 .var "parityBit", 0 0;
E_00000202ef8ccd50 .event anyedge, v00000202ef8cadd0_0, v00000202ef8cbe60_0;
S_00000202ef8c6400 .scope task, "pg" "pg" 2 6, 2 6 0, S_00000202ef916240;
 .timescale 0 0;
v00000202ef8cbe60_0 .var "pb", 0 0;
v00000202ef8c6f00_0 .var "seq", 3 0;
TD_parityGen_tb.pg.pg ;
    %load/vec4 v00000202ef8c6f00_0;
    %parti/s 1, 3, 3;
    %load/vec4 v00000202ef8c6f00_0;
    %parti/s 1, 2, 3;
    %xor;
    %load/vec4 v00000202ef8c6f00_0;
    %parti/s 1, 1, 2;
    %xor;
    %load/vec4 v00000202ef8c6f00_0;
    %parti/s 1, 0, 2;
    %xor;
    %store/vec4 v00000202ef8cbe60_0, 0, 1;
    %end;
    .scope S_00000202ef916240;
T_1 ;
    %wait E_00000202ef8ccd50;
    %load/vec4 v00000202ef8cadd0_0;
    %store/vec4 v00000202ef8c6f00_0, 0, 4;
    %fork TD_parityGen_tb.pg.pg, S_00000202ef8c6400;
    %join;
    %load/vec4 v00000202ef8cbe60_0;
    %store/vec4 v00000202ef9163d0_0, 0, 1;
    %jmp T_1;
    .thread T_1, $push;
    .scope S_00000202ef9160b0;
T_2 ;
    %vpi_func 2 23 "$fopen" 32, "parityGen_output.txt", "w" {0 0 0};
    %store/vec4 v00000202ef916470_0, 0, 32;
    %pushi/vec4 0, 0, 32;
    %store/vec4 v00000202ef8c6590_0, 0, 32;
T_2.0 ;
    %load/vec4 v00000202ef8c6590_0;
    %cmpi/s 16, 0, 32;
    %jmp/0xz T_2.1, 5;
    %load/vec4 v00000202ef8c6590_0;
    %pad/s 4;
    %store/vec4 v00000202ef8c6630_0, 0, 4;
    %delay 10, 0;
    %vpi_call 2 27 "$fdisplay", v00000202ef916470_0, "| parity bit = %b | input sequence = %b |", v00000202ef8c66d0_0, v00000202ef8c6630_0 {0 0 0};
    %load/vec4 v00000202ef8c6590_0;
    %addi 1, 0, 32;
    %store/vec4 v00000202ef8c6590_0, 0, 32;
    %jmp T_2.0;
T_2.1 ;
    %vpi_call 2 29 "$fclose", v00000202ef916470_0 {0 0 0};
    %end;
    .thread T_2;
# The file index is used to find the file name in the following table.
:file_names 3;
    "N/A";
    "<interactive>";
    "parityGen.v";
