#! /c/Source/iverilog-install/bin/vvp
:ivl_version "12.0 (devel)" "(s20150603-1539-g2693dd32b)";
:ivl_delay_selection "TYPICAL";
:vpi_time_precision + 0;
:vpi_module "C:\iverilog\lib\ivl\system.vpi";
:vpi_module "C:\iverilog\lib\ivl\vhdl_sys.vpi";
:vpi_module "C:\iverilog\lib\ivl\vhdl_textio.vpi";
:vpi_module "C:\iverilog\lib\ivl\v2005_math.vpi";
:vpi_module "C:\iverilog\lib\ivl\va_math.vpi";
S_000001fad0e36400 .scope module, "prime" "prime" 2 1;
 .timescale 0 0;
    .port_info 0 /INPUT 4 "a";
    .port_info 1 /OUTPUT 1 "y";
o000001fad0d27038 .functor BUFZ 4, C4<zzzz>; HiZ drive
v000001fad0e367c0_0 .net "a", 3 0, o000001fad0d27038;  0 drivers
v000001fad0d20740_0 .var "y", 0 0;
E_000001fad0e382b0 .event anyedge, v000001fad0e367c0_0, v000001fad0e36720_0;
S_000001fad0e36590 .scope task, "prime_tsk" "prime_tsk" 2 2, 2 2 0, S_000001fad0e36400;
 .timescale 0 0;
v000001fad0e36bb0_0 .var "a0", 3 0;
v000001fad0e3eee0_0 .var/i "i", 31 0;
v000001fad0e36720_0 .var "y0", 0 0;
TD_prime.prime_tsk ;
    %pushi/vec4 0, 0, 1;
    %store/vec4 v000001fad0e36720_0, 0, 1;
    %pushi/vec4 2, 0, 32;
    %store/vec4 v000001fad0e3eee0_0, 0, 32;
T_0.0 ;
    %load/vec4 v000001fad0e3eee0_0;
    %load/vec4 v000001fad0e367c0_0;
    %pad/u 32;
    %pushi/vec4 2, 0, 32;
    %div;
    %cmp/u;
    %flag_or 5, 4;
    %jmp/0xz T_0.1, 5;
    %load/vec4 v000001fad0e367c0_0;
    %pad/u 32;
    %load/vec4 v000001fad0e3eee0_0;
    %mod;
    %cmpi/e 0, 0, 32;
    %jmp/0xz  T_0.2, 4;
    %pushi/vec4 1, 0, 1;
    %store/vec4 v000001fad0e36720_0, 0, 1;
T_0.2 ;
    %load/vec4 v000001fad0e3eee0_0;
    %addi 1, 0, 32;
    %store/vec4 v000001fad0e3eee0_0, 0, 32;
    %jmp T_0.0;
T_0.1 ;
    %end;
    .scope S_000001fad0e36400;
T_1 ;
    %wait E_000001fad0e382b0;
    %load/vec4 v000001fad0e367c0_0;
    %store/vec4 v000001fad0e36bb0_0, 0, 4;
    %fork TD_prime.prime_tsk, S_000001fad0e36590;
    %join;
    %load/vec4 v000001fad0e36720_0;
    %store/vec4 v000001fad0d20740_0, 0, 1;
    %jmp T_1;
    .thread T_1, $push;
# The file index is used to find the file name in the following table.
:file_names 3;
    "N/A";
    "<interactive>";
    "prime_try.v";
