#! /c/Source/iverilog-install/bin/vvp
:ivl_version "12.0 (devel)" "(s20150603-1539-g2693dd32b)";
:ivl_delay_selection "TYPICAL";
:vpi_time_precision + 0;
:vpi_module "C:\iverilog\lib\ivl\system.vpi";
:vpi_module "C:\iverilog\lib\ivl\vhdl_sys.vpi";
:vpi_module "C:\iverilog\lib\ivl\vhdl_textio.vpi";
:vpi_module "C:\iverilog\lib\ivl\v2005_math.vpi";
:vpi_module "C:\iverilog\lib\ivl\va_math.vpi";
S_000001e03dacb880 .scope module, "hamming_tb" "hamming_tb" 2 25;
 .timescale 0 0;
v000001e03d9a43f0_0 .var/i "file_handle", 31 0;
v000001e03d9a4490_0 .var/i "i", 31 0;
v000001e03d9a4530_0 .var "in1", 7 0;
v000001e03d9a45d0_0 .var "in2", 7 0;
v000001e03d9966e0_0 .net "out", 4 0, v000001e03d9a4210_0;  1 drivers
S_000001e03dacde30 .scope module, "h1" "hamming" 2 31, 2 1 0, S_000001e03dacb880;
 .timescale 0 0;
    .port_info 0 /OUTPUT 5 "count";
    .port_info 1 /INPUT 8 "in1";
    .port_info 2 /INPUT 8 "in2";
P_000001e03d9a7ca0 .param/l "N" 0 2 1, +C4<00000000000000000000000000001000>;
v000001e03d9a4210_0 .var "count", 4 0;
v000001e03d9a42b0_0 .net "in1", 7 0, v000001e03d9a4530_0;  1 drivers
v000001e03d9a4350_0 .net "in2", 7 0, v000001e03d9a45d0_0;  1 drivers
E_000001e03d9a7ce0 .event anyedge, v000001e03d9a42b0_0, v000001e03d9a4350_0, v000001e03dacba10_0;
S_000001e03dacdfc0 .scope task, "counti" "counti" 2 6, 2 6 0, S_000001e03dacde30;
 .timescale 0 0;
v000001e03dacba10_0 .var "ham", 4 0;
v000001e03dac6e00_0 .var/i "i", 31 0;
v000001e03dacbe30_0 .var "in1", 7 0;
v000001e03dace150_0 .var "in2", 7 0;
v000001e03dace1f0_0 .var "op", 7 0;
TD_hamming_tb.h1.counti ;
    %pushi/vec4 0, 0, 5;
    %store/vec4 v000001e03dacba10_0, 0, 5;
    %load/vec4 v000001e03dacbe30_0;
    %load/vec4 v000001e03dace150_0;
    %xor;
    %store/vec4 v000001e03dace1f0_0, 0, 8;
    %pushi/vec4 0, 0, 32;
    %store/vec4 v000001e03dac6e00_0, 0, 32;
T_0.0 ;
    %load/vec4 v000001e03dac6e00_0;
    %cmpi/s 8, 0, 32;
    %jmp/0xz T_0.1, 5;
    %load/vec4 v000001e03dace1f0_0;
    %load/vec4 v000001e03dac6e00_0;
    %part/s 1;
    %pad/u 32;
    %cmpi/e 1, 0, 32;
    %jmp/0xz  T_0.2, 4;
    %load/vec4 v000001e03dacba10_0;
    %addi 1, 0, 5;
    %store/vec4 v000001e03dacba10_0, 0, 5;
T_0.2 ;
    %load/vec4 v000001e03dac6e00_0;
    %addi 1, 0, 32;
    %store/vec4 v000001e03dac6e00_0, 0, 32;
    %jmp T_0.0;
T_0.1 ;
    %end;
    .scope S_000001e03dacde30;
T_1 ;
    %wait E_000001e03d9a7ce0;
    %load/vec4 v000001e03d9a42b0_0;
    %store/vec4 v000001e03dacbe30_0, 0, 8;
    %load/vec4 v000001e03d9a4350_0;
    %store/vec4 v000001e03dace150_0, 0, 8;
    %fork TD_hamming_tb.h1.counti, S_000001e03dacdfc0;
    %join;
    %load/vec4 v000001e03dacba10_0;
    %store/vec4 v000001e03d9a4210_0, 0, 5;
    %jmp T_1;
    .thread T_1, $push;
    .scope S_000001e03dacb880;
T_2 ;
    %vpi_func 2 34 "$fopen" 32, "HAMMING_output.txt", "w" {0 0 0};
    %store/vec4 v000001e03d9a43f0_0, 0, 32;
    %pushi/vec4 0, 0, 32;
    %store/vec4 v000001e03d9a4490_0, 0, 32;
T_2.0 ;
    %load/vec4 v000001e03d9a4490_0;
    %cmpi/s 128, 0, 32;
    %jmp/0xz T_2.1, 5;
    %load/vec4 v000001e03d9a4490_0;
    %pad/s 8;
    %store/vec4 v000001e03d9a4530_0, 0, 8;
    %load/vec4 v000001e03d9a4490_0;
    %inv;
    %pad/s 8;
    %store/vec4 v000001e03d9a45d0_0, 0, 8;
    %delay 10, 0;
    %vpi_call 2 38 "$fdisplay", v000001e03d9a43f0_0, "| in1=%b | in2=%b | Hamming Distance=%b |", v000001e03d9a4530_0, v000001e03d9a45d0_0, v000001e03d9966e0_0 {0 0 0};
    %load/vec4 v000001e03d9a4490_0;
    %addi 1, 0, 32;
    %store/vec4 v000001e03d9a4490_0, 0, 32;
    %jmp T_2.0;
T_2.1 ;
    %end;
    .thread T_2;
# The file index is used to find the file name in the following table.
:file_names 3;
    "N/A";
    "<interactive>";
    "hamming_task.v";
