#! /c/Source/iverilog-install/bin/vvp
:ivl_version "12.0 (devel)" "(s20150603-1539-g2693dd32b)";
:ivl_delay_selection "TYPICAL";
:vpi_time_precision + 0;
:vpi_module "C:\iverilog\lib\ivl\system.vpi";
:vpi_module "C:\iverilog\lib\ivl\vhdl_sys.vpi";
:vpi_module "C:\iverilog\lib\ivl\vhdl_textio.vpi";
:vpi_module "C:\iverilog\lib\ivl\v2005_math.vpi";
:vpi_module "C:\iverilog\lib\ivl\va_math.vpi";
S_00000190720d9dc0 .scope module, "complement_tb" "complement_tb" 2 19;
 .timescale 0 0;
v00000190720dbd50_0 .var "A", 3 0;
v00000190720dbdf0_0 .net "RES", 3 0, L_0000019072125de0;  1 drivers
v0000019072125d40_0 .var/i "i", 31 0;
S_00000190720d9f50 .scope module, "a1" "two_complement" 2 22, 2 1 0, S_00000190720d9dc0;
 .timescale 0 0;
    .port_info 0 /OUTPUT 4 "result";
    .port_info 1 /INPUT 4 "a";
v00000190720d6b60_0 .net "a", 3 0, v00000190720dbd50_0;  1 drivers
v00000190720d94b0_0 .net "result", 3 0, L_0000019072125de0;  alias, 1 drivers
L_0000019072125de0 .ufunc/vec4 TD_complement_tb.a1.twos, 4, v00000190720dbd50_0 (v00000190720d9260_0) S_0000019072125bb0;
S_0000019072125bb0 .scope function.vec4.s4, "twos" "twos" 2 6, 2 6 0, S_00000190720d9f50;
 .timescale 0 0;
v00000190720d9260_0 .var "a", 3 0;
; Variable twos is vec4 return value of scope S_0000019072125bb0
TD_complement_tb.a1.twos ;
    %load/vec4 v00000190720d9260_0;
    %inv;
    %addi 1, 0, 4;
    %ret/vec4 0, 0, 4;  Assign to twos (store_vec4_to_lval)
    %end;
    .scope S_00000190720d9dc0;
T_1 ;
    %pushi/vec4 0, 0, 32;
    %store/vec4 v0000019072125d40_0, 0, 32;
T_1.0 ;
    %load/vec4 v0000019072125d40_0;
    %cmpi/s 16, 0, 32;
    %jmp/0xz T_1.1, 5;
    %load/vec4 v0000019072125d40_0;
    %pad/s 4;
    %store/vec4 v00000190720dbd50_0, 0, 4;
    %delay 10, 0;
    %vpi_call 2 29 "$display", "1's Complement of %b\011 is %b\012 ", v00000190720dbd50_0, v00000190720dbdf0_0 {0 0 0};
    %load/vec4 v0000019072125d40_0;
    %addi 1, 0, 32;
    %store/vec4 v0000019072125d40_0, 0, 32;
    %jmp T_1.0;
T_1.1 ;
    %end;
    .thread T_1;
# The file index is used to find the file name in the following table.
:file_names 3;
    "N/A";
    "<interactive>";
    "twos_complement.v";
