#! /c/Source/iverilog-install/bin/vvp
:ivl_version "12.0 (devel)" "(s20150603-1539-g2693dd32b)";
:ivl_delay_selection "TYPICAL";
:vpi_time_precision + 0;
:vpi_module "C:\iverilog\lib\ivl\system.vpi";
:vpi_module "C:\iverilog\lib\ivl\vhdl_sys.vpi";
:vpi_module "C:\iverilog\lib\ivl\vhdl_textio.vpi";
:vpi_module "C:\iverilog\lib\ivl\v2005_math.vpi";
:vpi_module "C:\iverilog\lib\ivl\va_math.vpi";
S_000001c580786110 .scope module, "complement_tb" "complement_tb" 2 23;
 .timescale 0 0;
v000001c5808c6520_0 .var "A", 3 0;
v000001c5808c65c0_0 .net "RES", 3 0, v000001c5808cb950_0;  1 drivers
v000001c5808c6660_0 .var/i "file_handle", 31 0;
v000001c5808c6700_0 .var/i "i", 31 0;
S_000001c5807862a0 .scope module, "a1" "two_complement" 2 26, 2 1 0, S_000001c580786110;
 .timescale 0 0;
    .port_info 0 /OUTPUT 4 "result";
    .port_info 1 /INPUT 4 "a";
v000001c5808cb8b0_0 .net "a", 3 0, v000001c5808c6520_0;  1 drivers
v000001c5808cb950_0 .var "result", 3 0;
E_000001c5808cc970 .event anyedge, v000001c5808cb8b0_0, v000001c5808cbda0_0;
S_000001c5808c6390 .scope task, "twos" "twos" 2 6, 2 6 0, S_000001c5807862a0;
 .timescale 0 0;
v000001c5808c6b80_0 .var "a", 3 0;
v000001c5808cbda0_0 .var "result", 3 0;
TD_complement_tb.a1.twos ;
    %load/vec4 v000001c5808c6b80_0;
    %inv;
    %addi 1, 0, 4;
    %store/vec4 v000001c5808cbda0_0, 0, 4;
    %end;
    .scope S_000001c5807862a0;
T_1 ;
    %wait E_000001c5808cc970;
    %load/vec4 v000001c5808cb8b0_0;
    %store/vec4 v000001c5808c6b80_0, 0, 4;
    %fork TD_complement_tb.a1.twos, S_000001c5808c6390;
    %join;
    %load/vec4 v000001c5808cbda0_0;
    %store/vec4 v000001c5808cb950_0, 0, 4;
    %jmp T_1;
    .thread T_1, $push;
    .scope S_000001c580786110;
T_2 ;
    %vpi_func 2 31 "$fopen" 32, "twos.txt", "w" {0 0 0};
    %store/vec4 v000001c5808c6660_0, 0, 32;
    %pushi/vec4 0, 0, 32;
    %store/vec4 v000001c5808c6700_0, 0, 32;
T_2.0 ;
    %load/vec4 v000001c5808c6700_0;
    %cmpi/s 16, 0, 32;
    %jmp/0xz T_2.1, 5;
    %load/vec4 v000001c5808c6700_0;
    %pad/s 4;
    %store/vec4 v000001c5808c6520_0, 0, 4;
    %delay 10, 0;
    %vpi_call 2 35 "$fdisplay", v000001c5808c6660_0, "2's Complement of %b\011 is %b\012 ", v000001c5808c6520_0, v000001c5808c65c0_0 {0 0 0};
    %load/vec4 v000001c5808c6700_0;
    %addi 1, 0, 32;
    %store/vec4 v000001c5808c6700_0, 0, 32;
    %jmp T_2.0;
T_2.1 ;
    %vpi_call 2 38 "$fclose", v000001c5808c6660_0 {0 0 0};
    %end;
    .thread T_2;
# The file index is used to find the file name in the following table.
:file_names 3;
    "N/A";
    "<interactive>";
    "twos_complement_task.v";
