#! /c/Source/iverilog-install/bin/vvp
:ivl_version "12.0 (devel)" "(s20150603-1539-g2693dd32b)";
:ivl_delay_selection "TYPICAL";
:vpi_time_precision + 0;
:vpi_module "C:\iverilog\lib\ivl\system.vpi";
:vpi_module "C:\iverilog\lib\ivl\vhdl_sys.vpi";
:vpi_module "C:\iverilog\lib\ivl\vhdl_textio.vpi";
:vpi_module "C:\iverilog\lib\ivl\v2005_math.vpi";
:vpi_module "C:\iverilog\lib\ivl\va_math.vpi";
S_000001e933a3bb20 .scope module, "comparator_tb" "comparator_tb" 2 25;
 .timescale 0 0;
v000001e933af2d10_0 .var/i "file_handle", 31 0;
v000001e933af2db0_0 .var "in1", 7 0;
v000001e933af2e50_0 .var "in2", 7 0;
v000001e933af2ef0_0 .net "out", 2 0, L_000001e933af2f90;  1 drivers
S_000001e933a3bcb0 .scope module, "c1" "comparator" 2 30, 2 1 0, S_000001e933a3bb20;
 .timescale 0 0;
    .port_info 0 /OUTPUT 3 "res";
    .port_info 1 /INPUT 8 "in1";
    .port_info 2 /INPUT 8 "in2";
P_000001e933af7540 .param/l "N" 0 2 1, +C4<00000000000000000000000000001000>;
v000001e933a3cdf0_0 .net "in1", 7 0, v000001e933af2db0_0;  1 drivers
v000001e933a3ce90_0 .net "in2", 7 0, v000001e933af2e50_0;  1 drivers
v000001e933a3cf30_0 .net "res", 2 0, L_000001e933af2f90;  alias, 1 drivers
L_000001e933af2f90 .ufunc/vec4 TD_comparator_tb.c1.compare, 3, v000001e933af2db0_0, v000001e933af2e50_0 (v000001e933a36800_0, v000001e933a3cd50_0) S_000001e933a3cbc0;
S_000001e933a3cbc0 .scope function.vec4.s3, "compare" "compare" 2 6, 2 6 0, S_000001e933a3bcb0;
 .timescale 0 0;
; Variable compare is vec4 return value of scope S_000001e933a3cbc0
v000001e933a36800_0 .var "in1", 7 0;
v000001e933a3cd50_0 .var "in2", 7 0;
TD_comparator_tb.c1.compare ;
    %load/vec4 v000001e933a3cd50_0;
    %load/vec4 v000001e933a36800_0;
    %cmp/u;
    %jmp/0xz  T_0.0, 5;
    %pushi/vec4 1, 0, 3;
    %ret/vec4 0, 0, 3;  Assign to compare (store_vec4_to_lval)
    %jmp T_0.1;
T_0.0 ;
    %load/vec4 v000001e933a36800_0;
    %load/vec4 v000001e933a3cd50_0;
    %cmp/u;
    %jmp/0xz  T_0.2, 5;
    %pushi/vec4 5, 0, 3;
    %ret/vec4 0, 0, 3;  Assign to compare (store_vec4_to_lval)
    %jmp T_0.3;
T_0.2 ;
    %pushi/vec4 0, 0, 3;
    %ret/vec4 0, 0, 3;  Assign to compare (store_vec4_to_lval)
T_0.3 ;
T_0.1 ;
    %end;
    .scope S_000001e933a3bb20;
T_1 ;
    %vpi_func 2 33 "$fopen" 32, "comparator_output.txt", "w" {0 0 0};
    %store/vec4 v000001e933af2d10_0, 0, 32;
    %pushi/vec4 85, 0, 8;
    %store/vec4 v000001e933af2db0_0, 0, 8;
    %pushi/vec4 3, 0, 8;
    %store/vec4 v000001e933af2e50_0, 0, 8;
    %delay 10, 0;
    %vpi_call 2 36 "$fdisplay", v000001e933af2d10_0, "| in1=%h | in2=%h | out=%b |", v000001e933af2db0_0, v000001e933af2e50_0, v000001e933af2ef0_0 {0 0 0};
    %pushi/vec4 3, 0, 8;
    %store/vec4 v000001e933af2db0_0, 0, 8;
    %pushi/vec4 85, 0, 8;
    %store/vec4 v000001e933af2e50_0, 0, 8;
    %delay 10, 0;
    %vpi_call 2 39 "$fdisplay", v000001e933af2d10_0, "| in1=%h | in2=%h | out=%b |", v000001e933af2db0_0, v000001e933af2e50_0, v000001e933af2ef0_0 {0 0 0};
    %pushi/vec4 85, 0, 8;
    %store/vec4 v000001e933af2db0_0, 0, 8;
    %pushi/vec4 85, 0, 8;
    %store/vec4 v000001e933af2e50_0, 0, 8;
    %delay 10, 0;
    %vpi_call 2 42 "$fdisplay", v000001e933af2d10_0, "| in1=%h | in2=%h | out=%b |", v000001e933af2db0_0, v000001e933af2e50_0, v000001e933af2ef0_0 {0 0 0};
    %vpi_call 2 44 "$fclose", v000001e933af2d10_0 {0 0 0};
    %end;
    .thread T_1;
# The file index is used to find the file name in the following table.
:file_names 3;
    "N/A";
    "<interactive>";
    "comparator.v";
