#! /c/Source/iverilog-install/bin/vvp
:ivl_version "12.0 (devel)" "(s20150603-1539-g2693dd32b)";
:ivl_delay_selection "TYPICAL";
:vpi_time_precision + 0;
:vpi_module "C:\iverilog\lib\ivl\system.vpi";
:vpi_module "C:\iverilog\lib\ivl\vhdl_sys.vpi";
:vpi_module "C:\iverilog\lib\ivl\vhdl_textio.vpi";
:vpi_module "C:\iverilog\lib\ivl\v2005_math.vpi";
:vpi_module "C:\iverilog\lib\ivl\va_math.vpi";
S_00000167456f6510 .scope module, "ODDEVEN" "ODDEVEN" 2 1;
 .timescale 0 0;
    .port_info 0 /OUTPUT 1 "out";
    .port_info 1 /INPUT 8 "in";
P_00000167456f8830 .param/l "N" 0 2 1, +C4<00000000000000000000000000001000>;
o0000016745577038 .functor BUFZ 8, C4<zzzzzzzz>; HiZ drive
v00000167456fec50_0 .net "in", 7 0, o0000016745577038;  0 drivers
v00000167456fecf0_0 .var "out", 0 0;
E_00000167456f8430 .event anyedge, v00000167456fec50_0, v00000167456f6c20_0;
S_00000167456f66a0 .scope task, "OE" "OE" 2 5, 2 5 0, S_00000167456f6510;
 .timescale 0 0;
v00000167456f6c20_0 .var "OddEve", 0 0;
v00000167456febb0_0 .var "in", 7 0;
TD_ODDEVEN.OE ;
    %load/vec4 v00000167456febb0_0;
    %parti/s 1, 0, 2;
    %cmpi/e 1, 0, 1;
    %jmp/0xz  T_0.0, 4;
    %pushi/vec4 1, 0, 1;
    %store/vec4 v00000167456f6c20_0, 0, 1;
    %jmp T_0.1;
T_0.0 ;
    %pushi/vec4 0, 0, 1;
    %store/vec4 v00000167456f6c20_0, 0, 1;
T_0.1 ;
    %end;
    .scope S_00000167456f6510;
T_1 ;
    %wait E_00000167456f8430;
    %load/vec4 v00000167456fec50_0;
    %store/vec4 v00000167456febb0_0, 0, 8;
    %fork TD_ODDEVEN.OE, S_00000167456f66a0;
    %join;
    %load/vec4 v00000167456f6c20_0;
    %store/vec4 v00000167456fecf0_0, 0, 1;
    %jmp T_1;
    .thread T_1, $push;
# The file index is used to find the file name in the following table.
:file_names 3;
    "N/A";
    "<interactive>";
    "OddEven.v";
