#! /c/Source/iverilog-install/bin/vvp
:ivl_version "12.0 (devel)" "(s20150603-1539-g2693dd32b)";
:ivl_delay_selection "TYPICAL";
:vpi_time_precision + 0;
:vpi_module "C:\iverilog\lib\ivl\system.vpi";
:vpi_module "C:\iverilog\lib\ivl\vhdl_sys.vpi";
:vpi_module "C:\iverilog\lib\ivl\vhdl_textio.vpi";
:vpi_module "C:\iverilog\lib\ivl\v2005_math.vpi";
:vpi_module "C:\iverilog\lib\ivl\va_math.vpi";
S_000002026c5dbc60 .scope module, "maxmin3_tb" "maxmin3_tb" 2 26;
 .timescale 0 0;
v000002026c6184f0_0 .var/i "file_handle", 31 0;
v000002026c677850_0 .var/i "i", 31 0;
v000002026c623780_0 .var "in1", 7 0;
v000002026c623d20_0 .var "in2", 7 0;
v000002026c623dc0_0 .var "in3", 7 0;
v000002026c6242c0_0 .net "op1", 7 0, L_000002026c623e60;  1 drivers
v000002026c624180_0 .net "op2", 7 0, L_000002026c623f00;  1 drivers
S_000002026c627890 .scope module, "mm1" "maxmin3" 2 32, 2 1 0, S_000002026c5dbc60;
 .timescale 0 0;
    .port_info 0 /OUTPUT 8 "max";
    .port_info 1 /OUTPUT 8 "min";
    .port_info 2 /INPUT 8 "in1";
    .port_info 3 /INPUT 8 "in2";
    .port_info 4 /INPUT 8 "in3";
P_000002026c5d8ce0 .param/l "N" 0 2 1, +C4<00000000000000000000000000001000>;
v000002026c6181d0_0 .net "in1", 7 0, v000002026c623780_0;  1 drivers
v000002026c618270_0 .net "in2", 7 0, v000002026c623d20_0;  1 drivers
v000002026c618310_0 .net "in3", 7 0, v000002026c623dc0_0;  1 drivers
v000002026c6183b0_0 .net "max", 7 0, L_000002026c623e60;  alias, 1 drivers
v000002026c618450_0 .net "min", 7 0, L_000002026c623f00;  alias, 1 drivers
L_000002026c623e60 .ufunc/vec4 TD_maxmin3_tb.mm1.maxFn, 8, v000002026c623780_0, v000002026c623d20_0, v000002026c623dc0_0 (v000002026c5d6de0_0, v000002026c5dbdf0_0, v000002026c5db8d0_0) S_000002026c627a20;
L_000002026c623f00 .ufunc/vec4 TD_maxmin3_tb.mm1.minFn, 8, v000002026c623780_0, v000002026c623d20_0, v000002026c623dc0_0 (v000002026c627bb0_0, v000002026c627c50_0, v000002026c618090_0) S_000002026c617f00;
S_000002026c627a20 .scope function.vec4.s8, "maxFn" "maxFn" 2 6, 2 6 0, S_000002026c627890;
 .timescale 0 0;
v000002026c5d6de0_0 .var "in1", 7 0;
v000002026c5dbdf0_0 .var "in2", 7 0;
v000002026c5db8d0_0 .var "in3", 7 0;
; Variable maxFn is vec4 return value of scope S_000002026c627a20
TD_maxmin3_tb.mm1.maxFn ;
    %load/vec4 v000002026c5dbdf0_0;
    %load/vec4 v000002026c5d6de0_0;
    %cmp/u;
    %flag_mov 8, 5;
    %jmp/0 T_0.0, 8;
    %load/vec4 v000002026c5db8d0_0;
    %load/vec4 v000002026c5d6de0_0;
    %cmp/u;
    %flag_mov 9, 5;
    %jmp/0 T_0.2, 9;
    %load/vec4 v000002026c5d6de0_0;
    %jmp/1 T_0.3, 9;
T_0.2 ; End of true expr.
    %load/vec4 v000002026c5db8d0_0;
    %jmp/0 T_0.3, 9;
 ; End of false expr.
    %blend;
T_0.3;
    %jmp/1 T_0.1, 8;
T_0.0 ; End of true expr.
    %load/vec4 v000002026c5db8d0_0;
    %load/vec4 v000002026c5dbdf0_0;
    %cmp/u;
    %flag_mov 9, 5;
    %jmp/0 T_0.4, 9;
    %load/vec4 v000002026c5dbdf0_0;
    %jmp/1 T_0.5, 9;
T_0.4 ; End of true expr.
    %load/vec4 v000002026c5db8d0_0;
    %jmp/0 T_0.5, 9;
 ; End of false expr.
    %blend;
T_0.5;
    %jmp/0 T_0.1, 8;
 ; End of false expr.
    %blend;
T_0.1;
    %ret/vec4 0, 0, 8;  Assign to maxFn (store_vec4_to_lval)
    %end;
S_000002026c617f00 .scope function.vec4.s8, "minFn" "minFn" 2 13, 2 13 0, S_000002026c627890;
 .timescale 0 0;
v000002026c627bb0_0 .var "in1", 7 0;
v000002026c627c50_0 .var "in2", 7 0;
v000002026c618090_0 .var "in3", 7 0;
; Variable minFn is vec4 return value of scope S_000002026c617f00
TD_maxmin3_tb.mm1.minFn ;
    %load/vec4 v000002026c627bb0_0;
    %load/vec4 v000002026c627c50_0;
    %cmp/u;
    %flag_mov 8, 5;
    %jmp/0 T_1.6, 8;
    %load/vec4 v000002026c627bb0_0;
    %load/vec4 v000002026c618090_0;
    %cmp/u;
    %flag_mov 9, 5;
    %jmp/0 T_1.8, 9;
    %load/vec4 v000002026c627bb0_0;
    %jmp/1 T_1.9, 9;
T_1.8 ; End of true expr.
    %load/vec4 v000002026c618090_0;
    %jmp/0 T_1.9, 9;
 ; End of false expr.
    %blend;
T_1.9;
    %jmp/1 T_1.7, 8;
T_1.6 ; End of true expr.
    %load/vec4 v000002026c627c50_0;
    %load/vec4 v000002026c618090_0;
    %cmp/u;
    %flag_mov 9, 5;
    %jmp/0 T_1.10, 9;
    %load/vec4 v000002026c627c50_0;
    %jmp/1 T_1.11, 9;
T_1.10 ; End of true expr.
    %load/vec4 v000002026c618090_0;
    %jmp/0 T_1.11, 9;
 ; End of false expr.
    %blend;
T_1.11;
    %jmp/0 T_1.7, 8;
 ; End of false expr.
    %blend;
T_1.7;
    %ret/vec4 0, 0, 8;  Assign to minFn (store_vec4_to_lval)
    %end;
    .scope S_000002026c5dbc60;
T_2 ;
    %vpi_func 2 35 "$fopen" 32, "maxmin3_output.txt", "w" {0 0 0};
    %store/vec4 v000002026c6184f0_0, 0, 32;
    %pushi/vec4 0, 0, 32;
    %store/vec4 v000002026c677850_0, 0, 32;
T_2.0 ;
    %load/vec4 v000002026c677850_0;
    %cmpi/s 128, 0, 32;
    %jmp/0xz T_2.1, 5;
    %load/vec4 v000002026c677850_0;
    %pad/s 8;
    %store/vec4 v000002026c623780_0, 0, 8;
    %delay 10, 0;
    %load/vec4 v000002026c677850_0;
    %inv;
    %pad/s 8;
    %store/vec4 v000002026c623d20_0, 0, 8;
    %delay 10, 0;
    %load/vec4 v000002026c623780_0;
    %pad/u 32;
    %load/vec4 v000002026c677850_0;
    %add;
    %pad/u 8;
    %store/vec4 v000002026c623dc0_0, 0, 8;
    %delay 10, 0;
    %vpi_call 2 41 "$fdisplay", v000002026c6184f0_0, "| in1 = %d | in2 = %d | in3 = %d | max = %d | min = %d |", v000002026c623780_0, v000002026c623d20_0, v000002026c623dc0_0, v000002026c6242c0_0, v000002026c624180_0 {0 0 0};
    %load/vec4 v000002026c677850_0;
    %addi 1, 0, 32;
    %store/vec4 v000002026c677850_0, 0, 32;
    %jmp T_2.0;
T_2.1 ;
    %vpi_call 2 43 "$fclose", v000002026c6184f0_0 {0 0 0};
    %end;
    .thread T_2;
# The file index is used to find the file name in the following table.
:file_names 3;
    "N/A";
    "<interactive>";
    "maxmin3.v";
