#! /c/Source/iverilog-install/bin/vvp
:ivl_version "12.0 (devel)" "(s20150603-1539-g2693dd32b)";
:ivl_delay_selection "TYPICAL";
:vpi_time_precision + 0;
:vpi_module "C:\iverilog\lib\ivl\system.vpi";
:vpi_module "C:\iverilog\lib\ivl\vhdl_sys.vpi";
:vpi_module "C:\iverilog\lib\ivl\vhdl_textio.vpi";
:vpi_module "C:\iverilog\lib\ivl\v2005_math.vpi";
:vpi_module "C:\iverilog\lib\ivl\va_math.vpi";
S_000001f407f16410 .scope module, "bitrev" "bitrev" 2 1;
 .timescale 0 0;
    .port_info 0 /OUTPUT 1 "palind";
    .port_info 1 /OUTPUT 8 "rev";
    .port_info 2 /INPUT 8 "in";
P_000001f407f1a5c0 .param/l "N" 0 2 1, +C4<00000000000000000000000000001000>;
o000001f407fd70f8 .functor BUFZ 8, C4<zzzzzzzz>; HiZ drive
v000001f407fd35e0_0 .net "in", 7 0, o000001f407fd70f8;  0 drivers
v000001f407fd3680_0 .var "palind", 0 0;
v000001f407fd3720_0 .net "rev", 7 0, L_000001f407fd37c0;  1 drivers
E_000001f407f1a380 .event anyedge, v000001f407fd35e0_0, v000001f407f1bde0_0;
L_000001f407fd37c0 .ufunc/vec4 TD_bitrev.reverse, 8, o000001f407fd70f8 (v000001f407f167d0_0) S_000001f407fd33b0;
S_000001f407f165a0 .scope task, "palindrome1" "palindrome1" 2 19, 2 19 0, S_000001f407f16410;
 .timescale 0 0;
v000001f407f16c30_0 .var "in", 7 0;
v000001f407f18f00_0 .var "op", 7 0;
v000001f407f1bde0_0 .var "palindrome", 0 0;
TD_bitrev.palindrome1 ;
    %load/vec4 v000001f407f16c30_0;
    %store/vec4 v000001f407f167d0_0, 0, 8;
    %callf/vec4 TD_bitrev.reverse, S_000001f407fd33b0;
    %store/vec4 v000001f407f18f00_0, 0, 8;
    %load/vec4 v000001f407f18f00_0;
    %load/vec4 v000001f407f16c30_0;
    %cmp/e;
    %jmp/0xz  T_0.0, 4;
    %pushi/vec4 1, 0, 1;
    %store/vec4 v000001f407f1bde0_0, 0, 1;
    %jmp T_0.1;
T_0.0 ;
    %pushi/vec4 0, 0, 1;
    %store/vec4 v000001f407f1bde0_0, 0, 1;
T_0.1 ;
    %end;
S_000001f407fd33b0 .scope function.vec4.s8, "reverse" "reverse" 2 7, 2 7 0, S_000001f407f16410;
 .timescale 0 0;
v000001f407f16730_0 .var/i "i", 31 0;
v000001f407f167d0_0 .var "in", 7 0;
; Variable reverse is vec4 return value of scope S_000001f407fd33b0
TD_bitrev.reverse ;
    %pushi/vec4 0, 0, 32;
    %store/vec4 v000001f407f16730_0, 0, 32;
T_1.2 ;
    %load/vec4 v000001f407f16730_0;
    %cmpi/s 8, 0, 32;
    %jmp/0xz T_1.3, 5;
    %load/vec4 v000001f407f167d0_0;
    %load/vec4 v000001f407f16730_0;
    %part/s 1;
    %pushi/vec4 8, 0, 32;
    %load/vec4 v000001f407f16730_0;
    %sub;
    %subi 1, 0, 32;
    %ix/vec4/s 4;
    %ret/vec4 0, 4, 1; Assign to reverse (store_vec4_to_lval)
    %load/vec4 v000001f407f16730_0;
    %addi 1, 0, 32;
    %store/vec4 v000001f407f16730_0, 0, 32;
    %jmp T_1.2;
T_1.3 ;
    %end;
    .scope S_000001f407f16410;
T_2 ;
    %wait E_000001f407f1a380;
    %load/vec4 v000001f407fd35e0_0;
    %store/vec4 v000001f407f16c30_0, 0, 8;
    %fork TD_bitrev.palindrome1, S_000001f407f165a0;
    %join;
    %load/vec4 v000001f407f1bde0_0;
    %store/vec4 v000001f407fd3680_0, 0, 1;
    %jmp T_2;
    .thread T_2, $push;
# The file index is used to find the file name in the following table.
:file_names 3;
    "N/A";
    "<interactive>";
    "BITREV_Tas.v";
