#! /c/Source/iverilog-install/bin/vvp
:ivl_version "12.0 (devel)" "(s20150603-1539-g2693dd32b)";
:ivl_delay_selection "TYPICAL";
:vpi_time_precision + 0;
:vpi_module "C:\iverilog\lib\ivl\system.vpi";
:vpi_module "C:\iverilog\lib\ivl\vhdl_sys.vpi";
:vpi_module "C:\iverilog\lib\ivl\vhdl_textio.vpi";
:vpi_module "C:\iverilog\lib\ivl\v2005_math.vpi";
:vpi_module "C:\iverilog\lib\ivl\va_math.vpi";
S_0000023b91d85ae0 .scope module, "bitrev_tb" "bitrev_tb" 2 37;
 .timescale 0 0;
v0000023b91d92e80_0 .var/i "file_handle", 31 0;
v0000023b91d92f20_0 .var/i "i", 31 0;
v0000023b91d92fc0_0 .var "in", 7 0;
v0000023b91d93060_0 .net "out", 7 0, L_0000023b91d93830;  1 drivers
v0000023b91d93100_0 .net "palind", 0 0, L_0000023b91d931a0;  1 drivers
S_0000023b91d4bbd0 .scope module, "br" "bitrev" 2 43, 2 1 0, S_0000023b91d85ae0;
 .timescale 0 0;
    .port_info 0 /OUTPUT 1 "palind";
    .port_info 1 /OUTPUT 8 "rev";
    .port_info 2 /INPUT 8 "in";
P_0000023b91d866d0 .param/l "N" 0 2 1, +C4<00000000000000000000000000001000>;
v0000023b91d46770_0 .net "in", 7 0, v0000023b91d92fc0_0;  1 drivers
v0000023b91d92d40_0 .net "palind", 0 0, L_0000023b91d931a0;  alias, 1 drivers
v0000023b91d92de0_0 .net "rev", 7 0, L_0000023b91d93830;  alias, 1 drivers
L_0000023b91d931a0 .ufunc/vec4 TD_bitrev_tb.br.palindrome, 1, v0000023b91d92fc0_0 (v0000023b91d85c70_0) S_0000023b91d4bd60;
L_0000023b91d93830 .ufunc/vec4 TD_bitrev_tb.br.reverse, 8, v0000023b91d92fc0_0 (v0000023b91d46630_0) S_0000023b91d46400;
S_0000023b91d4bd60 .scope function.vec4.s1, "palindrome" "palindrome" 2 18, 2 18 0, S_0000023b91d4bbd0;
 .timescale 0 0;
v0000023b91d85c70_0 .var "in", 7 0;
v0000023b91d46bb0_0 .var "op", 7 0;
; Variable palindrome is vec4 return value of scope S_0000023b91d4bd60
TD_bitrev_tb.br.palindrome ;
    %load/vec4 v0000023b91d85c70_0;
    %store/vec4 v0000023b91d46630_0, 0, 8;
    %callf/vec4 TD_bitrev_tb.br.reverse, S_0000023b91d46400;
    %store/vec4 v0000023b91d46bb0_0, 0, 8;
    %load/vec4 v0000023b91d46bb0_0;
    %load/vec4 v0000023b91d85c70_0;
    %cmp/e;
    %jmp/0xz  T_0.0, 4;
    %pushi/vec4 1, 0, 1;
    %ret/vec4 0, 0, 1;  Assign to palindrome (store_vec4_to_lval)
    %jmp T_0.1;
T_0.0 ;
    %pushi/vec4 0, 0, 1;
    %ret/vec4 0, 0, 1;  Assign to palindrome (store_vec4_to_lval)
T_0.1 ;
    %end;
S_0000023b91d46400 .scope function.vec4.s8, "reverse" "reverse" 2 7, 2 7 0, S_0000023b91d4bbd0;
 .timescale 0 0;
v0000023b91d46590_0 .var/i "i", 31 0;
v0000023b91d46630_0 .var "in", 7 0;
; Variable reverse is vec4 return value of scope S_0000023b91d46400
TD_bitrev_tb.br.reverse ;
    %pushi/vec4 0, 0, 32;
    %store/vec4 v0000023b91d46590_0, 0, 32;
T_1.2 ;
    %load/vec4 v0000023b91d46590_0;
    %cmpi/s 8, 0, 32;
    %jmp/0xz T_1.3, 5;
    %load/vec4 v0000023b91d46630_0;
    %load/vec4 v0000023b91d46590_0;
    %part/s 1;
    %pushi/vec4 8, 0, 32;
    %load/vec4 v0000023b91d46590_0;
    %sub;
    %subi 1, 0, 32;
    %ix/vec4/s 4;
    %ret/vec4 0, 4, 1; Assign to reverse (store_vec4_to_lval)
    %load/vec4 v0000023b91d46590_0;
    %addi 1, 0, 32;
    %store/vec4 v0000023b91d46590_0, 0, 32;
    %jmp T_1.2;
T_1.3 ;
    %end;
    .scope S_0000023b91d85ae0;
T_2 ;
    %vpi_func 2 46 "$fopen" 32, "BITREV_output.txt", "w" {0 0 0};
    %store/vec4 v0000023b91d92e80_0, 0, 32;
    %pushi/vec4 0, 0, 32;
    %store/vec4 v0000023b91d92f20_0, 0, 32;
T_2.0 ;
    %load/vec4 v0000023b91d92f20_0;
    %cmpi/s 128, 0, 32;
    %jmp/0xz T_2.1, 5;
    %load/vec4 v0000023b91d92f20_0;
    %pad/s 8;
    %store/vec4 v0000023b91d92fc0_0, 0, 8;
    %delay 10, 0;
    %vpi_call 2 49 "$fdisplay", v0000023b91d92e80_0, "| INPUT=%b | REVERSE=%b | Palindrome=%b |", v0000023b91d92fc0_0, v0000023b91d93060_0, v0000023b91d93100_0 {0 0 0};
    %load/vec4 v0000023b91d92f20_0;
    %addi 1, 0, 32;
    %store/vec4 v0000023b91d92f20_0, 0, 32;
    %jmp T_2.0;
T_2.1 ;
    %vpi_call 2 51 "$fclose", v0000023b91d92e80_0 {0 0 0};
    %end;
    .thread T_2;
# The file index is used to find the file name in the following table.
:file_names 3;
    "N/A";
    "<interactive>";
    "BITREV.v";
