#! /c/Source/iverilog-install/bin/vvp
:ivl_version "12.0 (devel)" "(s20150603-1539-g2693dd32b)";
:ivl_delay_selection "TYPICAL";
:vpi_time_precision + 0;
:vpi_module "C:\iverilog\lib\ivl\system.vpi";
:vpi_module "C:\iverilog\lib\ivl\vhdl_sys.vpi";
:vpi_module "C:\iverilog\lib\ivl\vhdl_textio.vpi";
:vpi_module "C:\iverilog\lib\ivl\v2005_math.vpi";
:vpi_module "C:\iverilog\lib\ivl\va_math.vpi";
S_00000269bc8a6400 .scope module, "count1_tb" "count1_tb" 2 24;
 .timescale 0 0;
v00000269bc8b43c0_0 .var/i "file_handle", 31 0;
v00000269bc8b4460_0 .var/i "i", 31 0;
v00000269bc8b4500_0 .var "in_seq", 7 0;
v00000269bc8b45a0_0 .net "opcount", 4 0, L_00000269bc8a6860;  1 drivers
S_00000269bc9dce30 .scope module, "c1" "count1" 2 29, 2 1 0, S_00000269bc8a6400;
 .timescale 0 0;
    .port_info 0 /OUTPUT 5 "count";
    .port_info 1 /INPUT 8 "in_seq";
P_00000269bc9db1c0 .param/l "N" 0 2 1, +C4<00000000000000000000000000001000>;
v00000269bc9dd1f0_0 .net "count", 4 0, L_00000269bc8a6860;  alias, 1 drivers
v00000269bc8b4320_0 .net "in_seq", 7 0, v00000269bc8b4500_0;  1 drivers
L_00000269bc8a6860 .ufunc/vec4 TD_count1_tb.c1.counter, 5, v00000269bc8b4500_0 (v00000269bc9dd150_0) S_00000269bc9dcfc0;
S_00000269bc9dcfc0 .scope function.vec4.s5, "counter" "counter" 2 6, 2 6 0, S_00000269bc9dce30;
 .timescale 0 0;
; Variable counter is vec4 return value of scope S_00000269bc9dcfc0
v00000269bc9d6e00_0 .var/i "i", 31 0;
v00000269bc9dd150_0 .var "in_seq", 7 0;
TD_count1_tb.c1.counter ;
    %pushi/vec4 0, 0, 5;
    %ret/vec4 0, 0, 5;  Assign to counter (store_vec4_to_lval)
    %pushi/vec4 0, 0, 32;
    %store/vec4 v00000269bc9d6e00_0, 0, 32;
T_0.0 ;
    %load/vec4 v00000269bc9d6e00_0;
    %cmpi/s 8, 0, 32;
    %jmp/0xz T_0.1, 5;
    %load/vec4 v00000269bc9dd150_0;
    %load/vec4 v00000269bc9d6e00_0;
    %part/s 1;
    %cmpi/e 1, 0, 1;
    %jmp/0xz  T_0.2, 4;
    %retload/vec4 0; Load counter (draw_signal_vec4)
    %addi 1, 0, 5;
    %ret/vec4 0, 0, 5;  Assign to counter (store_vec4_to_lval)
T_0.2 ;
    %load/vec4 v00000269bc9d6e00_0;
    %addi 1, 0, 32;
    %store/vec4 v00000269bc9d6e00_0, 0, 32;
    %jmp T_0.0;
T_0.1 ;
    %end;
    .scope S_00000269bc8a6400;
T_1 ;
    %vpi_func 2 32 "$fopen" 32, "count1_output.txt", "w" {0 0 0};
    %store/vec4 v00000269bc8b43c0_0, 0, 32;
    %pushi/vec4 0, 0, 32;
    %store/vec4 v00000269bc8b4460_0, 0, 32;
T_1.0 ;
    %load/vec4 v00000269bc8b4460_0;
    %cmpi/s 128, 0, 32;
    %jmp/0xz T_1.1, 5;
    %load/vec4 v00000269bc8b4460_0;
    %pad/s 8;
    %store/vec4 v00000269bc8b4500_0, 0, 8;
    %delay 10, 0;
    %vpi_call 2 35 "$fdisplay", v00000269bc8b43c0_0, "| input sequence = %b | count 1s = %d |", v00000269bc8b4500_0, v00000269bc8b45a0_0 {0 0 0};
    %load/vec4 v00000269bc8b4460_0;
    %addi 1, 0, 32;
    %store/vec4 v00000269bc8b4460_0, 0, 32;
    %jmp T_1.0;
T_1.1 ;
    %vpi_call 2 37 "$fclose", v00000269bc8b43c0_0 {0 0 0};
    %end;
    .thread T_1;
# The file index is used to find the file name in the following table.
:file_names 3;
    "N/A";
    "<interactive>";
    "count1.v";
