#! /c/Source/iverilog-install/bin/vvp
:ivl_version "12.0 (devel)" "(s20150603-1539-g2693dd32b)";
:ivl_delay_selection "TYPICAL";
:vpi_time_precision + 0;
:vpi_module "C:\iverilog\lib\ivl\system.vpi";
:vpi_module "C:\iverilog\lib\ivl\vhdl_sys.vpi";
:vpi_module "C:\iverilog\lib\ivl\vhdl_textio.vpi";
:vpi_module "C:\iverilog\lib\ivl\v2005_math.vpi";
:vpi_module "C:\iverilog\lib\ivl\va_math.vpi";
S_000001c0b4487d10 .scope module, "graybin_tb" "graybin_tb" 2 38;
 .timescale 0 0;
v000001c0b4493c50_0 .var/i "file_handle", 31 0;
v000001c0b4493cf0_0 .var/i "i", 31 0;
v000001c0b4493d90_0 .var "in", 7 0;
v000001c0b4493e30_0 .net "outbin", 7 0, L_000001c0b4493f70;  1 drivers
v000001c0b4493ed0_0 .net "outgray", 7 0, v000001c0b44884e0_0;  1 drivers
S_000001c0b4446400 .scope module, "gg" "graytob" 2 43, 2 1 0, S_000001c0b4487d10;
 .timescale 0 0;
    .port_info 0 /OUTPUT 8 "outgray";
    .port_info 1 /OUTPUT 8 "outbin";
    .port_info 2 /INPUT 8 "in";
P_000001c0b4449950 .param/l "N" 0 2 1, +C4<00000000000000000000000000001000>;
v000001c0b4488440_0 .net "in", 7 0, v000001c0b4493d90_0;  1 drivers
v000001c0b44884e0_0 .var "outbin", 7 0;
v000001c0b4488580_0 .net "outgray", 7 0, L_000001c0b4493f70;  alias, 1 drivers
E_000001c0b4449c10 .event anyedge, v000001c0b4488580_0, v000001c0b44467c0_0;
L_000001c0b4493f70 .ufunc/vec4 TD_graybin_tb.gg.bin2gray, 8, v000001c0b4493d90_0 (v000001c0b4446720_0) S_000001c0b4446590;
S_000001c0b4446590 .scope function.vec4.s8, "bin2gray" "bin2gray" 2 6, 2 6 0, S_000001c0b4446400;
 .timescale 0 0;
; Variable bin2gray is vec4 return value of scope S_000001c0b4446590
v000001c0b4446de0_0 .var/i "i", 31 0;
v000001c0b4446720_0 .var "in", 7 0;
TD_graybin_tb.gg.bin2gray ;
    %load/vec4 v000001c0b4446720_0;
    %parti/s 1, 7, 4;
    %ix/load 4, 7, 0;
    %flag_set/imm 4, 0;
    %ret/vec4 0, 4, 1; Assign to bin2gray (store_vec4_to_lval)
    %pushi/vec4 6, 0, 32;
    %store/vec4 v000001c0b4446de0_0, 0, 32;
T_0.0 ;
    %load/vec4 v000001c0b4446de0_0;
    %cmpi/s 0, 0, 32;
    %flag_inv 5; GE is !LT
    %jmp/0xz T_0.1, 5;
    %load/vec4 v000001c0b4446720_0;
    %load/vec4 v000001c0b4446de0_0;
    %part/s 1;
    %load/vec4 v000001c0b4446720_0;
    %load/vec4 v000001c0b4446de0_0;
    %addi 1, 0, 32;
    %part/s 1;
    %xor;
    %ix/getv/s 4, v000001c0b4446de0_0;
    %ret/vec4 0, 4, 1; Assign to bin2gray (store_vec4_to_lval)
    %load/vec4 v000001c0b4446de0_0;
    %subi 1, 0, 32;
    %store/vec4 v000001c0b4446de0_0, 0, 32;
    %jmp T_0.0;
T_0.1 ;
    %end;
S_000001c0b4488170 .scope task, "gray2b" "gray2b" 2 20, 2 20 0, S_000001c0b4446400;
 .timescale 0 0;
v000001c0b44467c0_0 .var "gray2b", 7 0;
v000001c0b4488300_0 .var/i "i", 31 0;
v000001c0b44883a0_0 .var "in", 7 0;
TD_graybin_tb.gg.gray2b ;
    %load/vec4 v000001c0b44883a0_0;
    %parti/s 1, 7, 4;
    %ix/load 4, 7, 0;
    %flag_set/imm 4, 0;
    %store/vec4 v000001c0b44467c0_0, 4, 1;
    %pushi/vec4 6, 0, 32;
    %store/vec4 v000001c0b4488300_0, 0, 32;
T_1.2 ;
    %load/vec4 v000001c0b4488300_0;
    %cmpi/s 0, 0, 32;
    %flag_inv 5; GE is !LT
    %jmp/0xz T_1.3, 5;
    %load/vec4 v000001c0b44467c0_0;
    %load/vec4 v000001c0b4488300_0;
    %addi 1, 0, 32;
    %part/s 1;
    %load/vec4 v000001c0b44883a0_0;
    %load/vec4 v000001c0b4488300_0;
    %part/s 1;
    %xor;
    %ix/getv/s 4, v000001c0b4488300_0;
    %store/vec4 v000001c0b44467c0_0, 4, 1;
    %load/vec4 v000001c0b4488300_0;
    %subi 1, 0, 32;
    %store/vec4 v000001c0b4488300_0, 0, 32;
    %jmp T_1.2;
T_1.3 ;
    %end;
    .scope S_000001c0b4446400;
T_2 ;
    %wait E_000001c0b4449c10;
    %load/vec4 v000001c0b4488580_0;
    %store/vec4 v000001c0b44883a0_0, 0, 8;
    %fork TD_graybin_tb.gg.gray2b, S_000001c0b4488170;
    %join;
    %load/vec4 v000001c0b44467c0_0;
    %store/vec4 v000001c0b44884e0_0, 0, 8;
    %jmp T_2;
    .thread T_2, $push;
    .scope S_000001c0b4487d10;
T_3 ;
    %vpi_func 2 46 "$fopen" 32, "GRAY2B_OUTPUT.txt", "w" {0 0 0};
    %store/vec4 v000001c0b4493c50_0, 0, 32;
    %pushi/vec4 0, 0, 32;
    %store/vec4 v000001c0b4493cf0_0, 0, 32;
T_3.0 ;
    %load/vec4 v000001c0b4493cf0_0;
    %cmpi/s 128, 0, 32;
    %jmp/0xz T_3.1, 5;
    %load/vec4 v000001c0b4493cf0_0;
    %pad/s 8;
    %store/vec4 v000001c0b4493d90_0, 0, 8;
    %delay 10, 0;
    %vpi_call 2 49 "$fdisplay", v000001c0b4493c50_0, "| in = %b | OP gray = %b | OP bin = %b |", v000001c0b4493d90_0, v000001c0b4493ed0_0, v000001c0b4493e30_0 {0 0 0};
    %load/vec4 v000001c0b4493cf0_0;
    %addi 1, 0, 32;
    %store/vec4 v000001c0b4493cf0_0, 0, 32;
    %jmp T_3.0;
T_3.1 ;
    %end;
    .thread T_3;
# The file index is used to find the file name in the following table.
:file_names 3;
    "N/A";
    "<interactive>";
    "gray2b_task.v";
