#! /c/Source/iverilog-install/bin/vvp
:ivl_version "12.0 (devel)" "(s20150603-1539-g2693dd32b)";
:ivl_delay_selection "TYPICAL";
:vpi_time_precision + 0;
:vpi_module "C:\iverilog\lib\ivl\system.vpi";
:vpi_module "C:\iverilog\lib\ivl\vhdl_sys.vpi";
:vpi_module "C:\iverilog\lib\ivl\vhdl_textio.vpi";
:vpi_module "C:\iverilog\lib\ivl\v2005_math.vpi";
:vpi_module "C:\iverilog\lib\ivl\va_math.vpi";
S_000001add3ba7a60 .scope module, "graybin_tb" "graybin_tb" 2 37;
 .timescale 0 0;
v000001add3ba82d0_0 .var/i "file_handle", 31 0;
v000001add3bb3190_0 .var/i "i", 31 0;
v000001add3bb3230_0 .var "in", 7 0;
v000001add3bb32d0_0 .net "outbin", 7 0, L_000001add3bb38c0;  1 drivers
v000001add3bb3370_0 .net "outgray", 7 0, L_000001add3bb3410;  1 drivers
S_000001add3b66400 .scope module, "gg" "graytob" 2 42, 2 1 0, S_000001add3ba7a60;
 .timescale 0 0;
    .port_info 0 /OUTPUT 8 "outbin";
    .port_info 1 /OUTPUT 8 "outgray";
    .port_info 2 /INPUT 8 "in";
P_000001add3b6b7c0 .param/l "N" 0 2 1, +C4<00000000000000000000000000001000>;
v000001add3ba80f0_0 .net "in", 7 0, v000001add3bb3230_0;  1 drivers
v000001add3ba8190_0 .net "outbin", 7 0, L_000001add3bb38c0;  alias, 1 drivers
v000001add3ba8230_0 .net "outgray", 7 0, L_000001add3bb3410;  alias, 1 drivers
L_000001add3bb3410 .ufunc/vec4 TD_graybin_tb.gg.bin2gray, 8, v000001add3bb3230_0 (v000001add3ba5f60_0) S_000001add3b66590;
L_000001add3bb38c0 .ufunc/vec4 TD_graybin_tb.gg.gray2b, 8, L_000001add3bb3410 (v000001add3ba8050_0) S_000001add3ba7ec0;
S_000001add3b66590 .scope function.vec4.s8, "bin2gray" "bin2gray" 2 5, 2 5 0, S_000001add3b66400;
 .timescale 0 0;
; Variable bin2gray is vec4 return value of scope S_000001add3b66590
v000001add3b66de0_0 .var/i "i", 31 0;
v000001add3ba5f60_0 .var "in", 7 0;
TD_graybin_tb.gg.bin2gray ;
    %load/vec4 v000001add3ba5f60_0;
    %parti/s 1, 7, 4;
    %ix/load 4, 7, 0;
    %flag_set/imm 4, 0;
    %ret/vec4 0, 4, 1; Assign to bin2gray (store_vec4_to_lval)
    %pushi/vec4 6, 0, 32;
    %store/vec4 v000001add3b66de0_0, 0, 32;
T_0.0 ;
    %load/vec4 v000001add3b66de0_0;
    %cmpi/s 0, 0, 32;
    %flag_inv 5; GE is !LT
    %jmp/0xz T_0.1, 5;
    %load/vec4 v000001add3ba5f60_0;
    %load/vec4 v000001add3b66de0_0;
    %part/s 1;
    %load/vec4 v000001add3ba5f60_0;
    %load/vec4 v000001add3b66de0_0;
    %addi 1, 0, 32;
    %part/s 1;
    %xor;
    %ix/getv/s 4, v000001add3b66de0_0;
    %ret/vec4 0, 4, 1; Assign to bin2gray (store_vec4_to_lval)
    %load/vec4 v000001add3b66de0_0;
    %subi 1, 0, 32;
    %store/vec4 v000001add3b66de0_0, 0, 32;
    %jmp T_0.0;
T_0.1 ;
    %end;
S_000001add3ba7ec0 .scope function.vec4.s8, "gray2b" "gray2b" 2 19, 2 19 0, S_000001add3b66400;
 .timescale 0 0;
; Variable gray2b is vec4 return value of scope S_000001add3ba7ec0
v000001add3b667c0_0 .var/i "i", 31 0;
v000001add3ba8050_0 .var "in", 7 0;
TD_graybin_tb.gg.gray2b ;
    %load/vec4 v000001add3ba8050_0;
    %parti/s 1, 7, 4;
    %ix/load 4, 7, 0;
    %flag_set/imm 4, 0;
    %ret/vec4 0, 4, 1; Assign to gray2b (store_vec4_to_lval)
    %pushi/vec4 6, 0, 32;
    %store/vec4 v000001add3b667c0_0, 0, 32;
T_1.2 ;
    %load/vec4 v000001add3b667c0_0;
    %cmpi/s 0, 0, 32;
    %flag_inv 5; GE is !LT
    %jmp/0xz T_1.3, 5;
    %retload/vec4 0; Load gray2b (draw_signal_vec4)
    %load/vec4 v000001add3b667c0_0;
    %addi 1, 0, 32;
    %part/s 1;
    %load/vec4 v000001add3ba8050_0;
    %load/vec4 v000001add3b667c0_0;
    %part/s 1;
    %xor;
    %ix/getv/s 4, v000001add3b667c0_0;
    %ret/vec4 0, 4, 1; Assign to gray2b (store_vec4_to_lval)
    %load/vec4 v000001add3b667c0_0;
    %subi 1, 0, 32;
    %store/vec4 v000001add3b667c0_0, 0, 32;
    %jmp T_1.2;
T_1.3 ;
    %end;
    .scope S_000001add3ba7a60;
T_2 ;
    %vpi_func 2 45 "$fopen" 32, "GRAY2B_OUTPUT.txt", "w" {0 0 0};
    %store/vec4 v000001add3ba82d0_0, 0, 32;
    %pushi/vec4 0, 0, 32;
    %store/vec4 v000001add3bb3190_0, 0, 32;
T_2.0 ;
    %load/vec4 v000001add3bb3190_0;
    %cmpi/s 128, 0, 32;
    %jmp/0xz T_2.1, 5;
    %load/vec4 v000001add3bb3190_0;
    %pad/s 8;
    %store/vec4 v000001add3bb3230_0, 0, 8;
    %delay 10, 0;
    %vpi_call 2 48 "$fdisplay", v000001add3ba82d0_0, "| in = %b | OP gray = %b | OP bin = %b |", v000001add3bb3230_0, v000001add3bb3370_0, v000001add3bb32d0_0 {0 0 0};
    %load/vec4 v000001add3bb3190_0;
    %addi 1, 0, 32;
    %store/vec4 v000001add3bb3190_0, 0, 32;
    %jmp T_2.0;
T_2.1 ;
    %end;
    .thread T_2;
# The file index is used to find the file name in the following table.
:file_names 3;
    "N/A";
    "<interactive>";
    "graytob.v";
