#! /c/Source/iverilog-install/bin/vvp
:ivl_version "12.0 (devel)" "(s20150603-1539-g2693dd32b)";
:ivl_delay_selection "TYPICAL";
:vpi_time_precision + 0;
:vpi_module "C:\iverilog\lib\ivl\system.vpi";
:vpi_module "C:\iverilog\lib\ivl\vhdl_sys.vpi";
:vpi_module "C:\iverilog\lib\ivl\vhdl_textio.vpi";
:vpi_module "C:\iverilog\lib\ivl\v2005_math.vpi";
:vpi_module "C:\iverilog\lib\ivl\va_math.vpi";
S_000002387deb6510 .scope module, "majority" "majority" 2 1;
 .timescale 0 0;
    .port_info 0 /OUTPUT 1 "majo";
    .port_info 1 /INPUT 3 "in_seq";
o000002387df07038 .functor BUFZ 3, C4<zzz>; HiZ drive
v000002387df4bc40_0 .net "in_seq", 2 0, o000002387df07038;  0 drivers
v000002387df4bce0_0 .var "majo", 0 0;
E_000002387deb82c0 .event anyedge, v000002387df4bc40_0, v000002387deb6f00_0;
S_000002387deb66a0 .scope task, "majori" "majori" 2 6, 2 6 0, S_000002387deb6510;
 .timescale 0 0;
v000002387deb6ad0_0 .var "in_seq", 2 0;
v000002387deb6f00_0 .var "major", 0 0;
TD_majority.majori ;
    %load/vec4 v000002387deb6ad0_0;
    %pushi/vec4 6, 0, 3;
    %cmp/e;
    %flag_get/vec4 4;
    %load/vec4 v000002387deb6ad0_0;
    %pushi/vec4 3, 0, 3;
    %cmp/e;
    %flag_get/vec4 4;
    %or;
    %load/vec4 v000002387deb6ad0_0;
    %pushi/vec4 7, 0, 3;
    %cmp/e;
    %flag_get/vec4 4;
    %or;
    %load/vec4 v000002387deb6ad0_0;
    %pushi/vec4 5, 0, 3;
    %cmp/e;
    %flag_get/vec4 4;
    %or;
    %flag_set/vec4 8;
    %jmp/0xz  T_0.0, 8;
    %pushi/vec4 1, 0, 1;
    %store/vec4 v000002387deb6f00_0, 0, 1;
    %jmp T_0.1;
T_0.0 ;
    %pushi/vec4 0, 0, 1;
    %store/vec4 v000002387deb6f00_0, 0, 1;
T_0.1 ;
    %end;
    .scope S_000002387deb6510;
T_1 ;
    %wait E_000002387deb82c0;
    %load/vec4 v000002387df4bc40_0;
    %store/vec4 v000002387deb6ad0_0, 0, 3;
    %fork TD_majority.majori, S_000002387deb66a0;
    %join;
    %load/vec4 v000002387deb6f00_0;
    %store/vec4 v000002387df4bce0_0, 0, 1;
    %jmp T_1;
    .thread T_1, $push;
# The file index is used to find the file name in the following table.
:file_names 3;
    "N/A";
    "<interactive>";
    "majority_task.v";
