#! /c/Source/iverilog-install/bin/vvp
:ivl_version "12.0 (devel)" "(s20150603-1539-g2693dd32b)";
:ivl_delay_selection "TYPICAL";
:vpi_time_precision + 0;
:vpi_module "C:\iverilog\lib\ivl\system.vpi";
:vpi_module "C:\iverilog\lib\ivl\vhdl_sys.vpi";
:vpi_module "C:\iverilog\lib\ivl\vhdl_textio.vpi";
:vpi_module "C:\iverilog\lib\ivl\v2005_math.vpi";
:vpi_module "C:\iverilog\lib\ivl\va_math.vpi";
S_00000137b9d2ac40 .scope module, "majority_tb" "majority_tb" 2 22;
 .timescale 0 0;
v00000137b9d76150_0 .var/i "file_handle", 31 0;
v00000137b9d761f0_0 .var/i "i", 31 0;
v00000137b9d743a0_0 .var "in_seq", 2 0;
v00000137b9d74440_0 .net "majority", 0 0, L_00000137b9d744e0;  1 drivers
S_00000137b9d2add0 .scope module, "m" "majority" 2 28, 2 1 0, S_00000137b9d2ac40;
 .timescale 0 0;
    .port_info 0 /OUTPUT 1 "majo";
    .port_info 1 /INPUT 3 "in_seq";
v00000137b9d76010_0 .net "in_seq", 2 0, v00000137b9d743a0_0;  1 drivers
v00000137b9d760b0_0 .net "majo", 0 0, L_00000137b9d744e0;  alias, 1 drivers
L_00000137b9d744e0 .ufunc/vec4 TD_majority_tb.m.major, 1, v00000137b9d743a0_0 (v00000137b9d26a60_0) S_00000137b9d75e80;
S_00000137b9d75e80 .scope function.vec4.s1, "major" "major" 2 6, 2 6 0, S_00000137b9d2add0;
 .timescale 0 0;
v00000137b9d26a60_0 .var "in_seq", 2 0;
; Variable major is vec4 return value of scope S_00000137b9d75e80
TD_majority_tb.m.major ;
    %load/vec4 v00000137b9d26a60_0;
    %pushi/vec4 6, 0, 3;
    %cmp/e;
    %flag_get/vec4 4;
    %load/vec4 v00000137b9d26a60_0;
    %pushi/vec4 3, 0, 3;
    %cmp/e;
    %flag_get/vec4 4;
    %or;
    %load/vec4 v00000137b9d26a60_0;
    %pushi/vec4 7, 0, 3;
    %cmp/e;
    %flag_get/vec4 4;
    %or;
    %load/vec4 v00000137b9d26a60_0;
    %pushi/vec4 5, 0, 3;
    %cmp/e;
    %flag_get/vec4 4;
    %or;
    %flag_set/vec4 8;
    %jmp/0xz  T_0.0, 8;
    %pushi/vec4 1, 0, 1;
    %ret/vec4 0, 0, 1;  Assign to major (store_vec4_to_lval)
    %jmp T_0.1;
T_0.0 ;
    %pushi/vec4 0, 0, 1;
    %ret/vec4 0, 0, 1;  Assign to major (store_vec4_to_lval)
T_0.1 ;
    %end;
    .scope S_00000137b9d2ac40;
T_1 ;
    %vpi_func 2 31 "$fopen" 32, "majority_output.txt", "w" {0 0 0};
    %store/vec4 v00000137b9d76150_0, 0, 32;
    %pushi/vec4 0, 0, 32;
    %store/vec4 v00000137b9d761f0_0, 0, 32;
T_1.0 ;
    %load/vec4 v00000137b9d761f0_0;
    %cmpi/s 8, 0, 32;
    %jmp/0xz T_1.1, 5;
    %load/vec4 v00000137b9d761f0_0;
    %pad/s 3;
    %store/vec4 v00000137b9d743a0_0, 0, 3;
    %delay 10, 0;
    %vpi_call 2 34 "$fdisplay", v00000137b9d76150_0, "| in_seq=%b | majority=%b |", v00000137b9d743a0_0, v00000137b9d74440_0 {0 0 0};
    %load/vec4 v00000137b9d761f0_0;
    %addi 1, 0, 32;
    %store/vec4 v00000137b9d761f0_0, 0, 32;
    %jmp T_1.0;
T_1.1 ;
    %vpi_call 2 36 "$fclose", v00000137b9d76150_0 {0 0 0};
    %end;
    .thread T_1;
# The file index is used to find the file name in the following table.
:file_names 3;
    "N/A";
    "<interactive>";
    "majority.v";
